\BOOKMARK [1][-]{section.1}{Introduction}{}% 1
\BOOKMARK [1][-]{section.2}{Context}{}% 2
\BOOKMARK [2][-]{subsection.2.1}{k Nearest Neighbors}{section.2}% 3
\BOOKMARK [2][-]{subsection.2.2}{MapReduce}{section.2}% 4
\BOOKMARK [2][-]{subsection.2.3}{Existing kNN Computing Systems}{section.2}% 5
\BOOKMARK [1][-]{section.3}{Workflow}{}% 6
\BOOKMARK [2][-]{subsection.3.1}{Data Preprocessing}{section.3}% 7
\BOOKMARK [2][-]{subsection.3.2}{Data Partitioning and Selection}{section.3}% 8
\BOOKMARK [3][-]{subsubsection.3.2.1}{Distance Based Partitioning Strategy}{subsection.3.2}% 9
\BOOKMARK [3][-]{subsubsection.3.2.2}{Size Based Partitioning Strategy}{subsection.3.2}% 10
\BOOKMARK [2][-]{subsection.3.3}{Computation}{section.3}% 11
\BOOKMARK [3][-]{subsubsection.3.3.1}{One MapReduce Job}{subsection.3.3}% 12
\BOOKMARK [3][-]{subsubsection.3.3.2}{Two Consecutive MapReduce Jobs}{subsection.3.3}% 13
\BOOKMARK [2][-]{subsection.3.4}{Summary}{section.3}% 14
\BOOKMARK [1][-]{section.4}{Theoretical Analysis}{}% 15
\BOOKMARK [2][-]{subsection.4.1}{Load Balance}{section.4}% 16
\BOOKMARK [2][-]{subsection.4.2}{Accuracy}{section.4}% 17
\BOOKMARK [2][-]{subsection.4.3}{Global Complexity}{section.4}% 18
\BOOKMARK [2][-]{subsection.4.4}{Wrap up}{section.4}% 19
\BOOKMARK [1][-]{section.5}{Evaluation}{}% 20
\BOOKMARK [2][-]{subsection.5.1}{Geographic dataset}{section.5}% 21
\BOOKMARK [3][-]{subsubsection.5.1.1}{Impact of input data size}{subsection.5.1}% 22
\BOOKMARK [3][-]{subsubsection.5.1.2}{Impact of k}{subsection.5.1}% 23
\BOOKMARK [3][-]{subsubsection.5.1.3}{Communication Overhead}{subsection.5.1}% 24
\BOOKMARK [2][-]{subsection.5.2}{Image Feature Descriptors \(SURF\) dataset}{section.5}% 25
\BOOKMARK [3][-]{subsubsection.5.2.1}{Impact of input data size}{subsection.5.2}% 26
\BOOKMARK [3][-]{subsubsection.5.2.2}{Impact of k}{subsection.5.2}% 27
\BOOKMARK [3][-]{subsubsection.5.2.3}{Communication Overhead}{subsection.5.2}% 28
\BOOKMARK [2][-]{subsection.5.3}{Impact of Dimension and Dataset}{section.5}% 29
\BOOKMARK [2][-]{subsection.5.4}{Practical Analysis}{section.5}% 30
\BOOKMARK [3][-]{subsubsection.5.4.1}{H-BkNNJ}{subsection.5.4}% 31
\BOOKMARK [3][-]{subsubsection.5.4.2}{H-BNLJ}{subsection.5.4}% 32
\BOOKMARK [3][-]{subsubsection.5.4.3}{PGBJ}{subsection.5.4}% 33
\BOOKMARK [3][-]{subsubsection.5.4.4}{H-zkNNJ}{subsection.5.4}% 34
\BOOKMARK [3][-]{subsubsection.5.4.5}{RankReduce}{subsection.5.4}% 35
\BOOKMARK [2][-]{subsection.5.5}{Lessons Learned}{section.5}% 36
\BOOKMARK [1][-]{section.6}{Conclusion}{}% 37
\BOOKMARK [1][-]{section*.24}{References}{}% 38
\BOOKMARK [1][-]{IEEEbiography.0}{Biographies}{}% 39
\BOOKMARK [2][-]{IEEEbiography.1}{Ge Song}{IEEEbiography.0}% 40
\BOOKMARK [2][-]{IEEEbiography.2}{Justine Rochas}{IEEEbiography.0}% 41
\BOOKMARK [2][-]{IEEEbiography.3}{Lea El Beze}{IEEEbiography.0}% 42
\BOOKMARK [2][-]{IEEEbiography.4}{Fabrice Huet}{IEEEbiography.0}% 43
\BOOKMARK [2][-]{IEEEbiography.5}{Frederic Magoules}{IEEEbiography.0}% 44
